<?xml version="1.0" encoding="UTF-8"?>
<!-- Generated by org.testng.reporters.JUnitXMLReporter -->
<testsuite hostname="Shubhams-MacBook-Pro.local" name="Free CRM App Test Cases" tests="2" failures="1" timestamp="6 Mar 2018 12:19:29 GMT" time="16.487" errors="0">
  <testcase name="checkURL" time="0.013" classname="shubham.LoginPageTest"/>
  <testcase name="login" time="8.02" classname="shubham.LoginPageTest">
    <failure type="java.lang.AssertionError" message="expected [https://qawindows.veraqa.com/dashboard] but found [https://qawindows.veraqa.com/login]">
      <![CDATA[java.lang.AssertionError: expected [https://qawindows.veraqa.com/dashboard] but found [https://qawindows.veraqa.com/login]
	at shubham.LoginPageTest.login(LoginPageTest.java:36)
... Removed 29 stack frames]]>
    </failure>
  </testcase> <!-- login -->
</testsuite> <!-- Free CRM App Test Cases -->
